<?xml version="1.0" encoding="UTF-8"?>
<testng-results skipped="0" failed="0" ignored="0" total="1" passed="1">
  <reporter-output>
  </reporter-output>
  <suite name="Default suite" duration-ms="1383" started-at="2018-03-16T06:03:22Z" finished-at="2018-03-16T06:03:24Z">
    <groups>
      <group name="demo">
        <method signature="Employee.ValidateEmployee()[pri:0, instance:com.api.test.Employee@675d3402]" name="ValidateEmployee" class="com.api.test.Employee"/>
      </group> <!-- demo -->
    </groups>
    <test name="Default test" duration-ms="1383" started-at="2018-03-16T06:03:22Z" finished-at="2018-03-16T06:03:24Z">
      <class name="com.api.test.Employee">
        <test-method status="PASS" signature="ValidateEmployee()[pri:0, instance:com.api.test.Employee@675d3402]" name="ValidateEmployee" duration-ms="1363" started-at="2018-03-16T06:03:22Z" finished-at="2018-03-16T06:03:24Z">
          <reporter-output>
          </reporter-output>
        </test-method> <!-- ValidateEmployee -->
      </class> <!-- com.api.test.Employee -->
    </test> <!-- Default test -->
  </suite> <!-- Default suite -->
</testng-results>
